<?xml version="1.0" encoding="UTF-8"?>
<!-- Generated by org.testng.reporters.JUnitReportReporter -->
<testsuite hostname="Abhinav-Mac.local" failures="0" tests="1" name="android.LongPressTest" time="11.518" errors="0" timestamp="2025-07-06T17:08:23 IST" skipped="0">
  <testcase classname="android.LongPressTest" name="LongPressTest" time="11.518"/>
</testsuite> <!-- android.LongPressTest -->
